2017-10-06 12:11:25,765 [Worker-4] INFO  c.g.t.t.d.PublishedGradleVersions - Gradle version information cache is up-to-date. Trying to read.
2017-10-06 12:39:42,934 [Worker-3] INFO  c.g.t.t.d.PublishedGradleVersions - Gradle version information cache is up-to-date. Trying to read.
2017-10-08 13:29:42,326 [Worker-3] INFO  c.g.t.t.d.PublishedGradleVersions - Gradle version information cache is out-of-date. Trying to update.
2017-10-08 13:36:58,012 [Worker-24] INFO  o.e.m.c.i.l.LifecycleMappingFactory - Using org.maven.ide.eclipse.wtp.WarLifecycleMapping lifecycle mapping for MavenProject: Project2V10Web:Project2V10Web:0.0.1-SNAPSHOT @ C:\Views\workspaces\projekt2V10\Project2V10Web\pom.xml.
2017-10-08 13:37:01,603 [Worker-27] WARN  o.e.m.c.i.embedder.EclipseLogger - Using platform encoding (Cp1252 actually) to copy filtered resources, i.e. build is platform dependent!
2017-10-08 13:37:01,605 [Worker-27] INFO  o.e.m.c.i.embedder.EclipseLogger - skip non existing resourceDirectory C:\Views\workspaces\projekt2V10\Project2V10Web\src\main\resources
2017-10-08 13:37:01,607 [Worker-27] WARN  o.e.m.c.i.embedder.EclipseLogger - Using platform encoding (Cp1252 actually) to copy filtered resources, i.e. build is platform dependent!
2017-10-08 13:37:01,608 [Worker-27] INFO  o.e.m.c.i.embedder.EclipseLogger - skip non existing resourceDirectory C:\Views\workspaces\projekt2V10\Project2V10Web\src\test\resources
2017-10-08 13:37:01,646 [Worker-24] INFO  o.e.m.j.i.AbstractJavaProjectConfigurator - Adding source folder /Project2V10Web/src
2017-10-08 13:37:01,647 [Worker-24] INFO  o.e.m.j.i.AbstractJavaProjectConfigurator - Not adding source folder /Project2V10Web/src/test/java because it overlaps with /Project2V10Web/src
2017-10-08 13:37:06,589 [Worker-28] WARN  o.e.m.c.i.embedder.EclipseLogger - Using platform encoding (Cp1252 actually) to copy filtered resources, i.e. build is platform dependent!
2017-10-08 13:37:06,590 [Worker-28] INFO  o.e.m.c.i.embedder.EclipseLogger - skip non existing resourceDirectory C:\Views\workspaces\projekt2V10\Project2V10Web\src\main\resources
2017-10-08 13:37:06,592 [Worker-28] WARN  o.e.m.c.i.embedder.EclipseLogger - Using platform encoding (Cp1252 actually) to copy filtered resources, i.e. build is platform dependent!
2017-10-08 13:37:06,593 [Worker-28] INFO  o.e.m.c.i.embedder.EclipseLogger - skip non existing resourceDirectory C:\Views\workspaces\projekt2V10\Project2V10Web\src\test\resources
2017-10-08 13:37:06,896 [Worker-24] WARN  o.e.m.c.i.embedder.EclipseLogger - Using platform encoding (Cp1252 actually) to copy filtered resources, i.e. build is platform dependent!
2017-10-08 13:37:06,897 [Worker-24] INFO  o.e.m.c.i.embedder.EclipseLogger - skip non existing resourceDirectory C:\Views\workspaces\projekt2V10\Project2V10Web\src\main\resources
2017-10-08 13:37:06,898 [Worker-24] WARN  o.e.m.c.i.embedder.EclipseLogger - Using platform encoding (Cp1252 actually) to copy filtered resources, i.e. build is platform dependent!
2017-10-08 13:37:06,899 [Worker-24] INFO  o.e.m.c.i.embedder.EclipseLogger - skip non existing resourceDirectory C:\Views\workspaces\projekt2V10\Project2V10Web\src\test\resources
2017-10-08 13:37:07,104 [Worker-24] INFO  o.e.m.c.i.p.ProjectConfigurationManager - Update started
2017-10-08 13:37:07,517 [Worker-24] INFO  o.e.m.c.i.l.LifecycleMappingFactory - Using org.maven.ide.eclipse.wtp.WarLifecycleMapping lifecycle mapping for MavenProject: Project2V10Web:Project2V10Web:0.0.1-SNAPSHOT @ C:\Views\workspaces\projekt2V10\Project2V10Web\pom.xml.
2017-10-08 13:37:08,511 [Worker-25] WARN  o.e.m.c.i.embedder.EclipseLogger - Using platform encoding (Cp1252 actually) to copy filtered resources, i.e. build is platform dependent!
2017-10-08 13:37:08,513 [Worker-25] INFO  o.e.m.c.i.embedder.EclipseLogger - skip non existing resourceDirectory C:\Views\workspaces\projekt2V10\Project2V10Web\src\main\resources
2017-10-08 13:37:08,515 [Worker-25] WARN  o.e.m.c.i.embedder.EclipseLogger - Using platform encoding (Cp1252 actually) to copy filtered resources, i.e. build is platform dependent!
2017-10-08 13:37:08,516 [Worker-25] INFO  o.e.m.c.i.embedder.EclipseLogger - skip non existing resourceDirectory C:\Views\workspaces\projekt2V10\Project2V10Web\src\test\resources
2017-10-08 13:37:08,517 [Worker-25] INFO  o.e.m.w.i.f.ResourceFilteringBuildParticipant - Changed resources require a complete clean of filtered resources of Project2V10Web
2017-10-08 13:37:08,518 [Worker-25] INFO  o.e.m.w.i.f.ResourceFilteringBuildParticipant - Executing resource filtering for Project2V10Web
2017-10-08 13:37:08,573 [Worker-25] WARN  o.e.m.c.i.embedder.EclipseLogger - Using platform encoding (Cp1252 actually) to copy filtered resources, i.e. build is platform dependent!
2017-10-08 13:37:08,596 [Worker-24] INFO  o.e.m.j.i.AbstractJavaProjectConfigurator - Adding source folder /Project2V10Web/src
2017-10-08 13:37:08,597 [Worker-24] INFO  o.e.m.j.i.AbstractJavaProjectConfigurator - Not adding source folder /Project2V10Web/src/test/java because it overlaps with /Project2V10Web/src
2017-10-08 13:37:08,684 [Worker-24] WARN  o.e.m.c.i.embedder.EclipseLogger - Using platform encoding (Cp1252 actually) to copy filtered resources, i.e. build is platform dependent!
2017-10-08 13:37:08,685 [Worker-24] INFO  o.e.m.c.i.embedder.EclipseLogger - skip non existing resourceDirectory C:\Views\workspaces\projekt2V10\Project2V10Web\src\main\resources
2017-10-08 13:37:08,686 [Worker-24] WARN  o.e.m.c.i.embedder.EclipseLogger - Using platform encoding (Cp1252 actually) to copy filtered resources, i.e. build is platform dependent!
2017-10-08 13:37:08,687 [Worker-24] INFO  o.e.m.c.i.embedder.EclipseLogger - skip non existing resourceDirectory C:\Views\workspaces\projekt2V10\Project2V10Web\src\test\resources
2017-10-08 13:37:08,714 [Worker-24] INFO  o.e.m.w.i.f.ResourceFilteringBuildParticipant - Cleaning filtered folder for Project2V10Web
2017-10-08 13:37:08,749 [Worker-24] INFO  o.e.m.c.i.p.ProjectConfigurationManager - Update completed: 1 sec
2017-10-08 13:37:08,913 [Worker-24] WARN  o.e.m.c.i.embedder.EclipseLogger - Using platform encoding (Cp1252 actually) to copy filtered resources, i.e. build is platform dependent!
2017-10-08 13:37:08,914 [Worker-24] INFO  o.e.m.c.i.embedder.EclipseLogger - skip non existing resourceDirectory C:\Views\workspaces\projekt2V10\Project2V10Web\src\main\resources
2017-10-08 13:37:08,915 [Worker-24] WARN  o.e.m.c.i.embedder.EclipseLogger - Using platform encoding (Cp1252 actually) to copy filtered resources, i.e. build is platform dependent!
2017-10-08 13:37:08,916 [Worker-24] INFO  o.e.m.c.i.embedder.EclipseLogger - skip non existing resourceDirectory C:\Views\workspaces\projekt2V10\Project2V10Web\src\test\resources
2017-10-08 13:37:08,917 [Worker-24] INFO  o.e.m.w.i.f.ResourceFilteringBuildParticipant - Changed resources require a complete clean of filtered resources of Project2V10Web
2017-10-08 13:37:08,917 [Worker-24] INFO  o.e.m.w.i.f.ResourceFilteringBuildParticipant - Executing resource filtering for Project2V10Web
2017-10-08 13:37:08,922 [Worker-24] WARN  o.e.m.c.i.embedder.EclipseLogger - Using platform encoding (Cp1252 actually) to copy filtered resources, i.e. build is platform dependent!
2017-10-08 13:40:15,842 [Worker-25] INFO  o.e.m.c.i.l.LifecycleMappingFactory - Using org.maven.ide.eclipse.wtp.EjbLifecycleMapping lifecycle mapping for MavenProject: Project2V10EJB:Project2V10EJB:0.0.1-SNAPSHOT @ C:\Views\workspaces\projekt2V10\Project2V10EJB\pom.xml.
2017-10-08 13:40:17,399 [Worker-25] INFO  o.e.m.j.i.AbstractJavaProjectConfigurator - Adding source folder /Project2V10EJB/ejbModule
2017-10-08 13:40:17,399 [Worker-25] INFO  o.e.m.j.i.AbstractJavaProjectConfigurator - Resources folder /Project2V10EJB/ejbModule overlaps with sources folder /Project2V10EJB/ejbModule
2017-10-08 13:40:17,410 [Worker-25] INFO  o.e.m.j.i.AbstractJavaProjectConfigurator - Adding source folder /Project2V10EJB/src/test/java
2017-10-08 13:40:17,654 [Worker-25] WARN  o.e.m.c.i.embedder.EclipseLogger - Using platform encoding (Cp1252 actually) to copy filtered resources, i.e. build is platform dependent!
2017-10-08 13:40:17,671 [Worker-25] INFO  o.e.m.c.i.embedder.EclipseLogger - Copying 1 resource
2017-10-08 13:40:17,683 [Worker-25] WARN  o.e.m.c.i.embedder.EclipseLogger - Using platform encoding (Cp1252 actually) to copy filtered resources, i.e. build is platform dependent!
2017-10-08 13:40:17,684 [Worker-25] INFO  o.e.m.c.i.embedder.EclipseLogger - skip non existing resourceDirectory C:\Views\workspaces\projekt2V10\Project2V10EJB\src\test\resources
2017-10-08 13:40:17,737 [Worker-25] INFO  o.e.m.c.i.p.ProjectConfigurationManager - Update started
2017-10-08 13:40:17,789 [Worker-25] INFO  o.e.m.c.i.l.LifecycleMappingFactory - Using org.maven.ide.eclipse.wtp.EjbLifecycleMapping lifecycle mapping for MavenProject: Project2V10EJB:Project2V10EJB:0.0.1-SNAPSHOT @ C:\Views\workspaces\projekt2V10\Project2V10EJB\pom.xml.
2017-10-08 13:40:18,377 [Worker-25] INFO  o.e.m.j.i.AbstractJavaProjectConfigurator - Adding source folder /Project2V10EJB/ejbModule
2017-10-08 13:40:18,377 [Worker-25] INFO  o.e.m.j.i.AbstractJavaProjectConfigurator - Resources folder /Project2V10EJB/ejbModule overlaps with sources folder /Project2V10EJB/ejbModule
2017-10-08 13:40:18,386 [Worker-25] INFO  o.e.m.j.i.AbstractJavaProjectConfigurator - Adding source folder /Project2V10EJB/src/test/java
2017-10-08 13:40:18,488 [Worker-25] WARN  o.e.m.c.i.embedder.EclipseLogger - Using platform encoding (Cp1252 actually) to copy filtered resources, i.e. build is platform dependent!
2017-10-08 13:40:18,495 [Worker-25] INFO  o.e.m.c.i.embedder.EclipseLogger - Copying 1 resource
2017-10-08 13:40:18,498 [Worker-25] WARN  o.e.m.c.i.embedder.EclipseLogger - Using platform encoding (Cp1252 actually) to copy filtered resources, i.e. build is platform dependent!
2017-10-08 13:40:18,499 [Worker-25] INFO  o.e.m.c.i.embedder.EclipseLogger - skip non existing resourceDirectory C:\Views\workspaces\projekt2V10\Project2V10EJB\src\test\resources
2017-10-08 13:40:18,555 [Worker-25] INFO  o.e.m.c.i.p.ProjectConfigurationManager - Update completed: 0 sec
2017-10-08 13:40:18,736 [Worker-5] WARN  o.e.m.c.i.embedder.EclipseLogger - Using platform encoding (Cp1252 actually) to copy filtered resources, i.e. build is platform dependent!
2017-10-08 13:40:18,738 [Worker-5] INFO  o.e.m.c.i.embedder.EclipseLogger - Copying 1 resource
2017-10-08 13:40:18,740 [Worker-5] WARN  o.e.m.c.i.embedder.EclipseLogger - Using platform encoding (Cp1252 actually) to copy filtered resources, i.e. build is platform dependent!
2017-10-08 13:40:18,741 [Worker-5] INFO  o.e.m.c.i.embedder.EclipseLogger - skip non existing resourceDirectory C:\Views\workspaces\projekt2V10\Project2V10EJB\src\test\resources
2017-10-08 13:40:40,036 [Worker-32] INFO  o.e.m.c.i.l.LifecycleMappingFactory - Using org.maven.ide.eclipse.wtp.RarLifecycleMapping lifecycle mapping for MavenProject: Project2V10Connector:Project2V10Connector:0.0.1-SNAPSHOT @ C:\Views\workspaces\projekt2V10\Project2V10Connector\pom.xml.
2017-10-08 13:40:41,798 [Worker-32] INFO  o.e.m.j.i.AbstractJavaProjectConfigurator - Adding source folder /Project2V10Connector/connectorModule
2017-10-08 13:40:41,799 [Worker-32] INFO  o.e.m.j.i.AbstractJavaProjectConfigurator - Resources folder /Project2V10Connector/connectorModule overlaps with sources folder /Project2V10Connector/connectorModule
2017-10-08 13:40:41,803 [Worker-32] INFO  o.e.m.j.i.AbstractJavaProjectConfigurator - Adding source folder /Project2V10Connector/src/test/java
2017-10-08 13:40:42,191 [Worker-32] WARN  o.e.m.c.i.embedder.EclipseLogger - Using platform encoding (Cp1252 actually) to copy filtered resources, i.e. build is platform dependent!
2017-10-08 13:40:42,192 [Worker-32] INFO  o.e.m.c.i.embedder.EclipseLogger - Copying 1 resource
2017-10-08 13:40:42,197 [Worker-32] WARN  o.e.m.c.i.embedder.EclipseLogger - Using platform encoding (Cp1252 actually) to copy filtered resources, i.e. build is platform dependent!
2017-10-08 13:40:42,198 [Worker-32] INFO  o.e.m.c.i.embedder.EclipseLogger - skip non existing resourceDirectory C:\Views\workspaces\projekt2V10\Project2V10Connector\src\test\resources
2017-10-08 13:40:42,244 [Worker-32] INFO  o.e.m.c.i.p.ProjectConfigurationManager - Update started
2017-10-08 13:40:42,280 [Worker-32] INFO  o.e.m.c.i.l.LifecycleMappingFactory - Using org.maven.ide.eclipse.wtp.RarLifecycleMapping lifecycle mapping for MavenProject: Project2V10Connector:Project2V10Connector:0.0.1-SNAPSHOT @ C:\Views\workspaces\projekt2V10\Project2V10Connector\pom.xml.
2017-10-08 13:40:42,682 [Worker-32] INFO  o.e.m.j.i.AbstractJavaProjectConfigurator - Adding source folder /Project2V10Connector/connectorModule
2017-10-08 13:40:42,682 [Worker-32] INFO  o.e.m.j.i.AbstractJavaProjectConfigurator - Resources folder /Project2V10Connector/connectorModule overlaps with sources folder /Project2V10Connector/connectorModule
2017-10-08 13:40:42,686 [Worker-32] INFO  o.e.m.j.i.AbstractJavaProjectConfigurator - Adding source folder /Project2V10Connector/src/test/java
2017-10-08 13:40:42,762 [Worker-32] WARN  o.e.m.c.i.embedder.EclipseLogger - Using platform encoding (Cp1252 actually) to copy filtered resources, i.e. build is platform dependent!
2017-10-08 13:40:42,764 [Worker-32] INFO  o.e.m.c.i.embedder.EclipseLogger - Copying 1 resource
2017-10-08 13:40:42,765 [Worker-32] WARN  o.e.m.c.i.embedder.EclipseLogger - Using platform encoding (Cp1252 actually) to copy filtered resources, i.e. build is platform dependent!
2017-10-08 13:40:42,766 [Worker-32] INFO  o.e.m.c.i.embedder.EclipseLogger - skip non existing resourceDirectory C:\Views\workspaces\projekt2V10\Project2V10Connector\src\test\resources
2017-10-08 13:40:42,963 [Worker-32] INFO  o.e.m.c.i.p.ProjectConfigurationManager - Update completed: 0 sec
2017-10-08 13:40:43,137 [Worker-29] WARN  o.e.m.c.i.embedder.EclipseLogger - Using platform encoding (Cp1252 actually) to copy filtered resources, i.e. build is platform dependent!
2017-10-08 13:40:43,138 [Worker-29] INFO  o.e.m.c.i.embedder.EclipseLogger - Copying 1 resource
2017-10-08 13:40:43,142 [Worker-29] WARN  o.e.m.c.i.embedder.EclipseLogger - Using platform encoding (Cp1252 actually) to copy filtered resources, i.e. build is platform dependent!
2017-10-08 13:40:43,143 [Worker-29] INFO  o.e.m.c.i.embedder.EclipseLogger - skip non existing resourceDirectory C:\Views\workspaces\projekt2V10\Project2V10Connector\src\test\resources
2017-10-08 13:40:48,195 [Worker-5] INFO  o.e.m.c.i.l.LifecycleMappingFactory - Using org.maven.ide.eclipse.wtp.AcrLifecycleMapping lifecycle mapping for MavenProject: Project2V10Client:Project2V10Client:0.0.1-SNAPSHOT @ C:\Views\workspaces\projekt2V10\Project2V10Client\pom.xml.
2017-10-08 13:40:49,174 [Worker-31] WARN  o.e.m.c.i.embedder.EclipseLogger - Using platform encoding (Cp1252 actually) to copy filtered resources, i.e. build is platform dependent!
2017-10-08 13:40:49,176 [Worker-31] INFO  o.e.m.c.i.embedder.EclipseLogger - Copying 1 resource
2017-10-08 13:40:49,181 [Worker-31] WARN  o.e.m.c.i.embedder.EclipseLogger - Using platform encoding (Cp1252 actually) to copy filtered resources, i.e. build is platform dependent!
2017-10-08 13:40:49,182 [Worker-31] INFO  o.e.m.c.i.embedder.EclipseLogger - skip non existing resourceDirectory C:\Views\workspaces\projekt2V10\Project2V10Client\src\test\resources
2017-10-08 13:40:49,211 [Worker-5] INFO  o.e.m.j.i.AbstractJavaProjectConfigurator - Adding source folder /Project2V10Client/appClientModule
2017-10-08 13:40:49,211 [Worker-5] INFO  o.e.m.j.i.AbstractJavaProjectConfigurator - Resources folder /Project2V10Client/appClientModule overlaps with sources folder /Project2V10Client/appClientModule
2017-10-08 13:40:49,217 [Worker-5] INFO  o.e.m.j.i.AbstractJavaProjectConfigurator - Adding source folder /Project2V10Client/src/test/java
2017-10-08 13:40:49,317 [Worker-5] WARN  o.e.m.c.i.embedder.EclipseLogger - Using platform encoding (Cp1252 actually) to copy filtered resources, i.e. build is platform dependent!
2017-10-08 13:40:49,319 [Worker-5] INFO  o.e.m.c.i.embedder.EclipseLogger - Copying 1 resource
2017-10-08 13:40:49,323 [Worker-5] WARN  o.e.m.c.i.embedder.EclipseLogger - Using platform encoding (Cp1252 actually) to copy filtered resources, i.e. build is platform dependent!
2017-10-08 13:40:49,324 [Worker-5] INFO  o.e.m.c.i.embedder.EclipseLogger - skip non existing resourceDirectory C:\Views\workspaces\projekt2V10\Project2V10Client\src\test\resources
2017-10-08 13:40:49,438 [Worker-5] INFO  o.e.m.c.i.p.ProjectConfigurationManager - Update started
2017-10-08 13:40:50,009 [Worker-5] INFO  o.e.m.c.i.l.LifecycleMappingFactory - Using org.maven.ide.eclipse.wtp.AcrLifecycleMapping lifecycle mapping for MavenProject: Project2V10Client:Project2V10Client:0.0.1-SNAPSHOT @ C:\Views\workspaces\projekt2V10\Project2V10Client\pom.xml.
2017-10-08 13:40:50,221 [Worker-5] INFO  o.e.m.j.i.AbstractJavaProjectConfigurator - Adding source folder /Project2V10Client/appClientModule
2017-10-08 13:40:50,222 [Worker-5] INFO  o.e.m.j.i.AbstractJavaProjectConfigurator - Resources folder /Project2V10Client/appClientModule overlaps with sources folder /Project2V10Client/appClientModule
2017-10-08 13:40:50,227 [Worker-5] INFO  o.e.m.j.i.AbstractJavaProjectConfigurator - Adding source folder /Project2V10Client/src/test/java
2017-10-08 13:40:50,324 [Worker-5] WARN  o.e.m.c.i.embedder.EclipseLogger - Using platform encoding (Cp1252 actually) to copy filtered resources, i.e. build is platform dependent!
2017-10-08 13:40:50,328 [Worker-5] INFO  o.e.m.c.i.embedder.EclipseLogger - Copying 1 resource
2017-10-08 13:40:50,334 [Worker-5] WARN  o.e.m.c.i.embedder.EclipseLogger - Using platform encoding (Cp1252 actually) to copy filtered resources, i.e. build is platform dependent!
2017-10-08 13:40:50,335 [Worker-5] INFO  o.e.m.c.i.embedder.EclipseLogger - skip non existing resourceDirectory C:\Views\workspaces\projekt2V10\Project2V10Client\src\test\resources
2017-10-08 13:40:50,418 [Worker-5] INFO  o.e.m.w.i.f.ResourceFilteringBuildParticipant - Cleaning filtered folder for Project2V10Client
2017-10-08 13:40:50,423 [Worker-5] INFO  o.e.m.c.i.p.ProjectConfigurationManager - Update completed: 0 sec
2017-10-08 13:40:50,639 [Worker-6] WARN  o.e.m.c.i.embedder.EclipseLogger - Using platform encoding (Cp1252 actually) to copy filtered resources, i.e. build is platform dependent!
2017-10-08 13:40:50,641 [Worker-6] INFO  o.e.m.c.i.embedder.EclipseLogger - Copying 1 resource
2017-10-08 13:40:50,647 [Worker-6] WARN  o.e.m.c.i.embedder.EclipseLogger - Using platform encoding (Cp1252 actually) to copy filtered resources, i.e. build is platform dependent!
2017-10-08 13:40:50,648 [Worker-6] INFO  o.e.m.c.i.embedder.EclipseLogger - skip non existing resourceDirectory C:\Views\workspaces\projekt2V10\Project2V10Client\src\test\resources
2017-10-08 13:41:03,934 [Worker-6] INFO  o.e.m.c.i.l.LifecycleMappingFactory - Using org.maven.ide.eclipse.wtp.EarLifecycleMapping lifecycle mapping for MavenProject: Project2V10:Project2V10:0.0.1-SNAPSHOT @ C:\Views\workspaces\projekt2V10\Project2V10\pom.xml.
2017-10-08 13:41:04,357 [Worker-6] INFO  o.e.m.c.i.embedder.EclipseLogger - Generating application.xml
2017-10-08 13:41:05,071 [Worker-6] INFO  o.e.m.c.i.embedder.EclipseLogger - Generating application.xml
2017-10-08 13:41:05,101 [Worker-6] INFO  o.e.m.c.i.p.ProjectConfigurationManager - Update started
2017-10-08 13:41:05,275 [Worker-6] INFO  o.e.m.c.i.l.LifecycleMappingFactory - Using org.maven.ide.eclipse.wtp.EarLifecycleMapping lifecycle mapping for MavenProject: Project2V10:Project2V10:0.0.1-SNAPSHOT @ C:\Views\workspaces\projekt2V10\Project2V10\pom.xml.
2017-10-08 13:41:05,600 [Worker-6] INFO  o.e.m.c.i.embedder.EclipseLogger - Generating application.xml
2017-10-08 13:41:05,773 [Worker-6] INFO  o.e.m.c.i.embedder.EclipseLogger - Generating application.xml
2017-10-08 13:41:05,789 [Worker-6] INFO  o.e.m.w.i.f.ResourceFilteringBuildParticipant - Cleaning filtered folder for Project2V10
2017-10-08 13:41:05,798 [Worker-6] INFO  o.e.m.c.i.p.ProjectConfigurationManager - Update completed: 0 sec
2017-10-08 13:41:05,944 [Worker-31] INFO  o.e.m.w.i.f.ResourceFilteringBuildParticipant - Changed resources require a complete clean of filtered resources of Project2V10
2017-10-08 13:41:05,944 [Worker-31] INFO  o.e.m.w.i.f.ResourceFilteringBuildParticipant - Executing resource filtering for Project2V10
2017-10-08 13:41:06,163 [Worker-31] WARN  o.e.m.c.i.embedder.EclipseLogger - Using platform encoding (Cp1252 actually) to copy filtered resources, i.e. build is platform dependent!
2017-10-08 13:41:06,490 [Worker-31] INFO  o.e.m.c.i.embedder.EclipseLogger - Generating application.xml
2017-10-08 13:41:06,575 [Worker-31] WARN  o.e.m.c.i.embedder.EclipseLogger - Using platform encoding (Cp1252 actually) to copy filtered resources, i.e. build is platform dependent!
2017-10-08 13:41:06,576 [Worker-31] INFO  o.e.m.c.i.embedder.EclipseLogger - skip non existing resourceDirectory C:\Views\workspaces\projekt2V10\Project2V10\src\main\resources
2017-10-08 13:41:16,684 [Worker-29] INFO  o.e.m.c.i.p.ProjectConfigurationManager - Update started
2017-10-08 13:41:17,065 [Worker-29] INFO  o.e.m.c.i.l.LifecycleMappingFactory - Using org.maven.ide.eclipse.wtp.EarLifecycleMapping lifecycle mapping for MavenProject: Project2V10:Project2V10:0.0.1-SNAPSHOT @ C:\Views\workspaces\projekt2V10\Project2V10\pom.xml.
2017-10-08 13:41:17,221 [Worker-29] INFO  o.e.m.c.i.l.LifecycleMappingFactory - Using org.maven.ide.eclipse.wtp.AcrLifecycleMapping lifecycle mapping for MavenProject: Project2V10Client:Project2V10Client:0.0.1-SNAPSHOT @ C:\Views\workspaces\projekt2V10\Project2V10Client\pom.xml.
2017-10-08 13:41:17,289 [Worker-29] INFO  o.e.m.c.i.l.LifecycleMappingFactory - Using org.maven.ide.eclipse.wtp.RarLifecycleMapping lifecycle mapping for MavenProject: Project2V10Connector:Project2V10Connector:0.0.1-SNAPSHOT @ C:\Views\workspaces\projekt2V10\Project2V10Connector\pom.xml.
2017-10-08 13:41:17,306 [Worker-29] INFO  o.e.m.c.i.l.LifecycleMappingFactory - Using org.maven.ide.eclipse.wtp.EjbLifecycleMapping lifecycle mapping for MavenProject: Project2V10EJB:Project2V10EJB:0.0.1-SNAPSHOT @ C:\Views\workspaces\projekt2V10\Project2V10EJB\pom.xml.
2017-10-08 13:41:17,346 [Worker-29] INFO  o.e.m.c.i.l.LifecycleMappingFactory - Using org.maven.ide.eclipse.wtp.WarLifecycleMapping lifecycle mapping for MavenProject: Project2V10Web:Project2V10Web:0.0.1-SNAPSHOT @ C:\Views\workspaces\projekt2V10\Project2V10Web\pom.xml.
2017-10-08 13:41:18,552 [Worker-29] INFO  o.e.m.c.i.embedder.EclipseLogger - Generating application.xml
2017-10-08 13:41:18,700 [Worker-29] INFO  o.e.m.c.i.embedder.EclipseLogger - Generating application.xml
2017-10-08 13:41:18,775 [Worker-29] INFO  o.e.m.j.i.AbstractJavaProjectConfigurator - Adding source folder /Project2V10Client/appClientModule
2017-10-08 13:41:18,775 [Worker-29] INFO  o.e.m.j.i.AbstractJavaProjectConfigurator - Resources folder /Project2V10Client/appClientModule overlaps with sources folder /Project2V10Client/appClientModule
2017-10-08 13:41:18,775 [Worker-29] INFO  o.e.m.j.i.AbstractJavaProjectConfigurator - Adding source folder /Project2V10Client/src/test/java
2017-10-08 13:41:18,941 [Worker-29] WARN  o.e.m.c.i.embedder.EclipseLogger - Using platform encoding (Cp1252 actually) to copy filtered resources, i.e. build is platform dependent!
2017-10-08 13:41:18,944 [Worker-29] INFO  o.e.m.c.i.embedder.EclipseLogger - Copying 1 resource
2017-10-08 13:41:18,950 [Worker-29] WARN  o.e.m.c.i.embedder.EclipseLogger - Using platform encoding (Cp1252 actually) to copy filtered resources, i.e. build is platform dependent!
2017-10-08 13:41:18,951 [Worker-29] INFO  o.e.m.c.i.embedder.EclipseLogger - skip non existing resourceDirectory C:\Views\workspaces\projekt2V10\Project2V10Client\src\test\resources
2017-10-08 13:41:19,141 [Worker-29] INFO  o.e.m.j.i.AbstractJavaProjectConfigurator - Adding source folder /Project2V10Connector/connectorModule
2017-10-08 13:41:19,142 [Worker-29] INFO  o.e.m.j.i.AbstractJavaProjectConfigurator - Resources folder /Project2V10Connector/connectorModule overlaps with sources folder /Project2V10Connector/connectorModule
2017-10-08 13:41:19,142 [Worker-29] INFO  o.e.m.j.i.AbstractJavaProjectConfigurator - Adding source folder /Project2V10Connector/src/test/java
2017-10-08 13:41:19,287 [Worker-29] WARN  o.e.m.c.i.embedder.EclipseLogger - Using platform encoding (Cp1252 actually) to copy filtered resources, i.e. build is platform dependent!
2017-10-08 13:41:19,290 [Worker-29] INFO  o.e.m.c.i.embedder.EclipseLogger - Copying 1 resource
2017-10-08 13:41:19,298 [Worker-29] WARN  o.e.m.c.i.embedder.EclipseLogger - Using platform encoding (Cp1252 actually) to copy filtered resources, i.e. build is platform dependent!
2017-10-08 13:41:19,299 [Worker-29] INFO  o.e.m.c.i.embedder.EclipseLogger - skip non existing resourceDirectory C:\Views\workspaces\projekt2V10\Project2V10Connector\src\test\resources
2017-10-08 13:41:19,528 [Worker-29] INFO  o.e.m.j.i.AbstractJavaProjectConfigurator - Adding source folder /Project2V10EJB/ejbModule
2017-10-08 13:41:19,528 [Worker-29] INFO  o.e.m.j.i.AbstractJavaProjectConfigurator - Resources folder /Project2V10EJB/ejbModule overlaps with sources folder /Project2V10EJB/ejbModule
2017-10-08 13:41:19,529 [Worker-29] INFO  o.e.m.j.i.AbstractJavaProjectConfigurator - Adding source folder /Project2V10EJB/src/test/java
2017-10-08 13:41:19,677 [Worker-29] WARN  o.e.m.c.i.embedder.EclipseLogger - Using platform encoding (Cp1252 actually) to copy filtered resources, i.e. build is platform dependent!
2017-10-08 13:41:19,680 [Worker-29] INFO  o.e.m.c.i.embedder.EclipseLogger - Copying 1 resource
2017-10-08 13:41:19,681 [Worker-29] WARN  o.e.m.c.i.embedder.EclipseLogger - Using platform encoding (Cp1252 actually) to copy filtered resources, i.e. build is platform dependent!
2017-10-08 13:41:19,682 [Worker-29] INFO  o.e.m.c.i.embedder.EclipseLogger - skip non existing resourceDirectory C:\Views\workspaces\projekt2V10\Project2V10EJB\src\test\resources
2017-10-08 13:41:19,711 [Worker-29] INFO  o.e.m.j.i.AbstractJavaProjectConfigurator - Adding source folder /Project2V10Web/src
2017-10-08 13:41:19,711 [Worker-29] INFO  o.e.m.j.i.AbstractJavaProjectConfigurator - Not adding source folder /Project2V10Web/src/test/java because it overlaps with /Project2V10Web/src
2017-10-08 13:41:19,869 [Worker-29] WARN  o.e.m.c.i.embedder.EclipseLogger - Using platform encoding (Cp1252 actually) to copy filtered resources, i.e. build is platform dependent!
2017-10-08 13:41:19,870 [Worker-29] INFO  o.e.m.c.i.embedder.EclipseLogger - skip non existing resourceDirectory C:\Views\workspaces\projekt2V10\Project2V10Web\src\main\resources
2017-10-08 13:41:19,872 [Worker-29] WARN  o.e.m.c.i.embedder.EclipseLogger - Using platform encoding (Cp1252 actually) to copy filtered resources, i.e. build is platform dependent!
2017-10-08 13:41:19,873 [Worker-29] INFO  o.e.m.c.i.embedder.EclipseLogger - skip non existing resourceDirectory C:\Views\workspaces\projekt2V10\Project2V10Web\src\test\resources
2017-10-08 13:41:19,874 [Worker-29] INFO  o.e.m.w.i.f.ResourceFilteringBuildParticipant - Changed resources require a complete clean of filtered resources of Project2V10Web
2017-10-08 13:41:19,874 [Worker-29] INFO  o.e.m.w.i.f.ResourceFilteringBuildParticipant - Executing resource filtering for Project2V10Web
2017-10-08 13:41:19,879 [Worker-29] WARN  o.e.m.c.i.embedder.EclipseLogger - Using platform encoding (Cp1252 actually) to copy filtered resources, i.e. build is platform dependent!
2017-10-08 13:41:19,929 [Worker-29] INFO  o.e.m.w.i.f.ResourceFilteringBuildParticipant - Cleaning filtered folder for Project2V10
2017-10-08 13:41:19,953 [Worker-29] INFO  o.e.m.w.i.f.ResourceFilteringBuildParticipant - Cleaning filtered folder for Project2V10Client
2017-10-08 13:41:19,997 [Worker-29] INFO  o.e.m.w.i.f.ResourceFilteringBuildParticipant - Cleaning filtered folder for Project2V10Web
2017-10-08 13:41:20,004 [Worker-29] INFO  o.e.m.c.i.p.ProjectConfigurationManager - Update completed: 3 sec
2017-10-08 13:41:20,286 [Worker-32] WARN  o.e.m.c.i.embedder.EclipseLogger - Using platform encoding (Cp1252 actually) to copy filtered resources, i.e. build is platform dependent!
2017-10-08 13:41:20,287 [Worker-32] INFO  o.e.m.c.i.embedder.EclipseLogger - Copying 1 resource
2017-10-08 13:41:20,292 [Worker-32] WARN  o.e.m.c.i.embedder.EclipseLogger - Using platform encoding (Cp1252 actually) to copy filtered resources, i.e. build is platform dependent!
2017-10-08 13:41:20,293 [Worker-32] INFO  o.e.m.c.i.embedder.EclipseLogger - skip non existing resourceDirectory C:\Views\workspaces\projekt2V10\Project2V10Client\src\test\resources
2017-10-08 13:41:20,321 [Worker-32] WARN  o.e.m.c.i.embedder.EclipseLogger - Using platform encoding (Cp1252 actually) to copy filtered resources, i.e. build is platform dependent!
2017-10-08 13:41:20,322 [Worker-32] INFO  o.e.m.c.i.embedder.EclipseLogger - Copying 1 resource
2017-10-08 13:41:20,328 [Worker-32] WARN  o.e.m.c.i.embedder.EclipseLogger - Using platform encoding (Cp1252 actually) to copy filtered resources, i.e. build is platform dependent!
2017-10-08 13:41:20,329 [Worker-32] INFO  o.e.m.c.i.embedder.EclipseLogger - skip non existing resourceDirectory C:\Views\workspaces\projekt2V10\Project2V10Connector\src\test\resources
2017-10-08 13:41:20,396 [Worker-32] WARN  o.e.m.c.i.embedder.EclipseLogger - Using platform encoding (Cp1252 actually) to copy filtered resources, i.e. build is platform dependent!
2017-10-08 13:41:20,398 [Worker-32] INFO  o.e.m.c.i.embedder.EclipseLogger - Copying 1 resource
2017-10-08 13:41:20,401 [Worker-32] WARN  o.e.m.c.i.embedder.EclipseLogger - Using platform encoding (Cp1252 actually) to copy filtered resources, i.e. build is platform dependent!
2017-10-08 13:41:20,402 [Worker-32] INFO  o.e.m.c.i.embedder.EclipseLogger - skip non existing resourceDirectory C:\Views\workspaces\projekt2V10\Project2V10EJB\src\test\resources
2017-10-08 13:41:20,430 [Worker-32] WARN  o.e.m.c.i.embedder.EclipseLogger - Using platform encoding (Cp1252 actually) to copy filtered resources, i.e. build is platform dependent!
2017-10-08 13:41:20,431 [Worker-32] INFO  o.e.m.c.i.embedder.EclipseLogger - skip non existing resourceDirectory C:\Views\workspaces\projekt2V10\Project2V10Web\src\main\resources
2017-10-08 13:41:20,432 [Worker-32] WARN  o.e.m.c.i.embedder.EclipseLogger - Using platform encoding (Cp1252 actually) to copy filtered resources, i.e. build is platform dependent!
2017-10-08 13:41:20,432 [Worker-32] INFO  o.e.m.c.i.embedder.EclipseLogger - skip non existing resourceDirectory C:\Views\workspaces\projekt2V10\Project2V10Web\src\test\resources
2017-10-08 13:41:20,433 [Worker-32] INFO  o.e.m.w.i.f.ResourceFilteringBuildParticipant - Changed resources require a complete clean of filtered resources of Project2V10Web
2017-10-08 13:41:20,433 [Worker-32] INFO  o.e.m.w.i.f.ResourceFilteringBuildParticipant - Executing resource filtering for Project2V10Web
2017-10-08 13:41:20,435 [Worker-32] WARN  o.e.m.c.i.embedder.EclipseLogger - Using platform encoding (Cp1252 actually) to copy filtered resources, i.e. build is platform dependent!
2017-10-08 13:41:20,832 [Worker-32] INFO  o.e.m.w.i.f.ResourceFilteringBuildParticipant - Changed resources require a complete clean of filtered resources of Project2V10
2017-10-08 13:41:20,832 [Worker-32] INFO  o.e.m.w.i.f.ResourceFilteringBuildParticipant - Executing resource filtering for Project2V10
2017-10-08 13:41:21,012 [Worker-32] WARN  o.e.m.c.i.embedder.EclipseLogger - Using platform encoding (Cp1252 actually) to copy filtered resources, i.e. build is platform dependent!
2017-10-08 13:41:21,023 [Worker-32] INFO  o.e.m.c.i.embedder.EclipseLogger - Generating application.xml
2017-10-08 13:41:21,033 [Worker-32] WARN  o.e.m.c.i.embedder.EclipseLogger - Using platform encoding (Cp1252 actually) to copy filtered resources, i.e. build is platform dependent!
2017-10-08 13:41:21,034 [Worker-32] INFO  o.e.m.c.i.embedder.EclipseLogger - skip non existing resourceDirectory C:\Views\workspaces\projekt2V10\Project2V10\src\main\resources
2017-10-08 13:41:33,005 [Worker-25] WARN  o.e.m.c.i.embedder.EclipseLogger - Using platform encoding (Cp1252 actually) to copy filtered resources, i.e. build is platform dependent!
2017-10-08 13:41:33,006 [Worker-25] INFO  o.e.m.c.i.embedder.EclipseLogger - skip non existing resourceDirectory C:\Views\workspaces\projekt2V10\Project2V10Web\src\main\resources
2017-10-08 13:41:33,010 [Worker-25] WARN  o.e.m.c.i.embedder.EclipseLogger - Using platform encoding (Cp1252 actually) to copy filtered resources, i.e. build is platform dependent!
2017-10-08 13:41:33,011 [Worker-25] INFO  o.e.m.c.i.embedder.EclipseLogger - skip non existing resourceDirectory C:\Views\workspaces\projekt2V10\Project2V10Web\src\test\resources
2017-10-08 15:25:11,529 [Worker-39] WARN  o.e.m.c.i.embedder.EclipseLogger - Using platform encoding (Cp1252 actually) to copy filtered resources, i.e. build is platform dependent!
2017-10-08 15:25:11,574 [Worker-39] INFO  o.e.m.c.i.embedder.EclipseLogger - skip non existing resourceDirectory C:\Views\workspaces\projekt2V10\Project2V10Web\src\main\resources
2017-10-08 15:25:11,576 [Worker-39] WARN  o.e.m.c.i.embedder.EclipseLogger - Using platform encoding (Cp1252 actually) to copy filtered resources, i.e. build is platform dependent!
2017-10-08 15:25:11,592 [Worker-39] INFO  o.e.m.c.i.embedder.EclipseLogger - skip non existing resourceDirectory C:\Views\workspaces\projekt2V10\Project2V10Web\src\test\resources
2017-10-08 16:09:24,043 [Worker-42] WARN  o.e.m.c.i.embedder.EclipseLogger - Using platform encoding (Cp1252 actually) to copy filtered resources, i.e. build is platform dependent!
2017-10-08 16:09:24,064 [Worker-42] INFO  o.e.m.c.i.embedder.EclipseLogger - Copying 1 resource
2017-10-08 16:09:24,067 [Worker-42] WARN  o.e.m.c.i.embedder.EclipseLogger - Using platform encoding (Cp1252 actually) to copy filtered resources, i.e. build is platform dependent!
2017-10-08 16:09:24,068 [Worker-42] INFO  o.e.m.c.i.embedder.EclipseLogger - skip non existing resourceDirectory C:\Views\workspaces\projekt2V10\Project2V10EJB\src\test\resources
2017-10-08 16:10:19,766 [Worker-42] WARN  o.e.m.c.i.embedder.EclipseLogger - Using platform encoding (Cp1252 actually) to copy filtered resources, i.e. build is platform dependent!
2017-10-08 16:10:19,768 [Worker-42] INFO  o.e.m.c.i.embedder.EclipseLogger - Copying 1 resource
2017-10-08 16:10:19,772 [Worker-42] WARN  o.e.m.c.i.embedder.EclipseLogger - Using platform encoding (Cp1252 actually) to copy filtered resources, i.e. build is platform dependent!
2017-10-08 16:10:19,774 [Worker-42] INFO  o.e.m.c.i.embedder.EclipseLogger - skip non existing resourceDirectory C:\Views\workspaces\projekt2V10\Project2V10EJB\src\test\resources
2017-10-08 16:11:00,060 [Worker-45] WARN  o.e.m.c.i.embedder.EclipseLogger - Using platform encoding (Cp1252 actually) to copy filtered resources, i.e. build is platform dependent!
2017-10-08 16:11:00,061 [Worker-45] INFO  o.e.m.c.i.embedder.EclipseLogger - Copying 1 resource
2017-10-08 16:11:00,063 [Worker-45] WARN  o.e.m.c.i.embedder.EclipseLogger - Using platform encoding (Cp1252 actually) to copy filtered resources, i.e. build is platform dependent!
2017-10-08 16:11:00,064 [Worker-45] INFO  o.e.m.c.i.embedder.EclipseLogger - skip non existing resourceDirectory C:\Views\workspaces\projekt2V10\Project2V10EJB\src\test\resources
2017-10-08 16:17:05,955 [Worker-40] WARN  o.e.m.c.i.embedder.EclipseLogger - Using platform encoding (Cp1252 actually) to copy filtered resources, i.e. build is platform dependent!
2017-10-08 16:17:05,957 [Worker-40] INFO  o.e.m.c.i.embedder.EclipseLogger - Copying 1 resource
2017-10-08 16:17:05,965 [Worker-40] WARN  o.e.m.c.i.embedder.EclipseLogger - Using platform encoding (Cp1252 actually) to copy filtered resources, i.e. build is platform dependent!
2017-10-08 16:17:05,967 [Worker-40] INFO  o.e.m.c.i.embedder.EclipseLogger - skip non existing resourceDirectory C:\Views\workspaces\projekt2V10\Project2V10EJB\src\test\resources
2017-10-08 16:18:45,285 [Worker-49] WARN  o.e.m.c.i.embedder.EclipseLogger - Using platform encoding (Cp1252 actually) to copy filtered resources, i.e. build is platform dependent!
2017-10-08 16:18:45,285 [Worker-49] INFO  o.e.m.c.i.embedder.EclipseLogger - Copying 1 resource
2017-10-08 16:18:45,285 [Worker-49] WARN  o.e.m.c.i.embedder.EclipseLogger - Using platform encoding (Cp1252 actually) to copy filtered resources, i.e. build is platform dependent!
2017-10-08 16:18:45,300 [Worker-49] INFO  o.e.m.c.i.embedder.EclipseLogger - skip non existing resourceDirectory C:\Views\workspaces\projekt2V10\Project2V10EJB\src\test\resources
2017-10-08 16:24:28,721 [Worker-54] WARN  o.e.m.c.i.embedder.EclipseLogger - Using platform encoding (Cp1252 actually) to copy filtered resources, i.e. build is platform dependent!
2017-10-08 16:24:28,724 [Worker-54] INFO  o.e.m.c.i.embedder.EclipseLogger - Copying 1 resource
2017-10-08 16:24:28,731 [Worker-54] WARN  o.e.m.c.i.embedder.EclipseLogger - Using platform encoding (Cp1252 actually) to copy filtered resources, i.e. build is platform dependent!
2017-10-08 16:24:28,733 [Worker-54] INFO  o.e.m.c.i.embedder.EclipseLogger - skip non existing resourceDirectory C:\Views\workspaces\projekt2V10\Project2V10EJB\src\test\resources
2017-10-08 16:28:34,606 [Worker-55] WARN  o.e.m.c.i.embedder.EclipseLogger - Using platform encoding (Cp1252 actually) to copy filtered resources, i.e. build is platform dependent!
2017-10-08 16:28:34,609 [Worker-55] INFO  o.e.m.c.i.embedder.EclipseLogger - Copying 1 resource
2017-10-08 16:28:34,612 [Worker-55] WARN  o.e.m.c.i.embedder.EclipseLogger - Using platform encoding (Cp1252 actually) to copy filtered resources, i.e. build is platform dependent!
2017-10-08 16:28:34,613 [Worker-55] INFO  o.e.m.c.i.embedder.EclipseLogger - skip non existing resourceDirectory C:\Views\workspaces\projekt2V10\Project2V10EJB\src\test\resources
2017-10-08 16:40:20,013 [Worker-6] INFO  c.g.t.t.d.PublishedGradleVersions - Gradle version information cache is up-to-date. Trying to read.
2017-10-08 16:40:26,813 [Worker-2] WARN  o.e.m.c.i.embedder.EclipseLogger - Using platform encoding (Cp1252 actually) to copy filtered resources, i.e. build is platform dependent!
2017-10-08 16:40:26,821 [Worker-2] INFO  o.e.m.c.i.embedder.EclipseLogger - Copying 1 resource
2017-10-08 16:40:26,827 [Worker-2] WARN  o.e.m.c.i.embedder.EclipseLogger - Using platform encoding (Cp1252 actually) to copy filtered resources, i.e. build is platform dependent!
2017-10-08 16:40:26,828 [Worker-2] INFO  o.e.m.c.i.embedder.EclipseLogger - skip non existing resourceDirectory C:\Views\workspaces\projekt2V10\Project2V10Client\src\test\resources
2017-10-08 16:40:29,674 [Worker-0] WARN  o.e.m.c.i.embedder.EclipseLogger - Using platform encoding (Cp1252 actually) to copy filtered resources, i.e. build is platform dependent!
2017-10-08 16:40:29,675 [Worker-0] INFO  o.e.m.c.i.embedder.EclipseLogger - Copying 1 resource
2017-10-08 16:40:29,680 [Worker-0] WARN  o.e.m.c.i.embedder.EclipseLogger - Using platform encoding (Cp1252 actually) to copy filtered resources, i.e. build is platform dependent!
2017-10-08 16:40:29,681 [Worker-0] INFO  o.e.m.c.i.embedder.EclipseLogger - skip non existing resourceDirectory C:\Views\workspaces\projekt2V10\Project2V10Connector\src\test\resources
2017-10-08 16:40:32,479 [Worker-0] WARN  o.e.m.c.i.embedder.EclipseLogger - Using platform encoding (Cp1252 actually) to copy filtered resources, i.e. build is platform dependent!
2017-10-08 16:40:32,481 [Worker-0] INFO  o.e.m.c.i.embedder.EclipseLogger - Copying 2 resources
2017-10-08 16:40:32,482 [Worker-0] WARN  o.e.m.c.i.embedder.EclipseLogger - Using platform encoding (Cp1252 actually) to copy filtered resources, i.e. build is platform dependent!
2017-10-08 16:40:32,483 [Worker-0] INFO  o.e.m.c.i.embedder.EclipseLogger - skip non existing resourceDirectory C:\Views\workspaces\projekt2V10\Project2V10EJB\src\test\resources
2017-10-08 16:40:33,708 [Worker-9] WARN  o.e.m.c.i.embedder.EclipseLogger - Using platform encoding (Cp1252 actually) to copy filtered resources, i.e. build is platform dependent!
2017-10-08 16:40:33,709 [Worker-9] INFO  o.e.m.c.i.embedder.EclipseLogger - skip non existing resourceDirectory C:\Views\workspaces\projekt2V10\Project2V10Web\src\main\resources
